# JRE version: OpenJDK Runtime Environment (8.0_131-b11) (build 1.8.0_131-8u131-b11-0ubuntu1.17.04.1-b11)
# Java VM: OpenJDK 64-Bit Server VM (25.131-b11 mixed mode linux-amd64 compressed oops)
Heap:
 PSYoungGen      total 56320K, used 21331K [0x0000000781d00000, 0x0000000785b80000, 0x00000007c0000000)
  eden space 48640K, 43% used [0x0000000781d00000,0x00000007831d4f20,0x0000000784c80000)
  from space 7680K, 0% used [0x0000000784c80000,0x0000000784c80000,0x0000000785400000)
  to   space 7680K, 0% used [0x0000000785400000,0x0000000785400000,0x0000000785b80000)
 ParOldGen       total 57856K, used 8256K [0x0000000705600000, 0x0000000708e80000, 0x0000000781d00000)
  object space 57856K, 14% used [0x0000000705600000,0x0000000705e10350,0x0000000708e80000)
 Metaspace       used 24401K, capacity 25150K, committed 25472K, reserved 1071104K
  class space    used 3158K, capacity 3356K, committed 3456K, reserved 1048576K
GC Heap History (4 events):
Event: 4.510 GC heap before
{Heap before GC invocations=1 (full 0):
 PSYoungGen      total 56320K, used 35085K [0x0000000781d00000, 0x0000000785b80000, 0x00000007c0000000)
  eden space 48640K, 72% used [0x0000000781d00000,0x0000000783f434e0,0x0000000784c80000)
  from space 7680K, 0% used [0x0000000785400000,0x0000000785400000,0x0000000785b80000)
  to   space 7680K, 0% used [0x0000000784c80000,0x0000000784c80000,0x0000000785400000)
 ParOldGen       total 128512K, used 0K [0x0000000705600000, 0x000000070d380000, 0x0000000781d00000)
  object space 128512K, 0% used [0x0000000705600000,0x0000000705600000,0x000000070d380000)
 Metaspace       used 20520K, capacity 21096K, committed 21296K, reserved 1069056K
  class space    used 2538K, capacity 2687K, committed 2688K, reserved 1048576K
Event: 4.520 GC heap after
Heap after GC invocations=1 (full 0):
 PSYoungGen      total 56320K, used 7677K [0x0000000781d00000, 0x0000000785b80000, 0x00000007c0000000)
  eden space 48640K, 0% used [0x0000000781d00000,0x0000000781d00000,0x0000000784c80000)
  from space 7680K, 99% used [0x0000000784c80000,0x00000007853ff648,0x0000000785400000)
  to   space 7680K, 0% used [0x0000000785400000,0x0000000785400000,0x0000000785b80000)
 ParOldGen       total 128512K, used 766K [0x0000000705600000, 0x000000070d380000, 0x0000000781d00000)
  object space 128512K, 0% used [0x0000000705600000,0x00000007056bfb08,0x000000070d380000)
 Metaspace       used 20520K, capacity 21096K, committed 21296K, reserved 1069056K
  class space    used 2538K, capacity 2687K, committed 2688K, reserved 1048576K
}
Event: 4.520 GC heap before
{Heap before GC invocations=2 (full 1):
 PSYoungGen      total 56320K, used 7677K [0x0000000781d00000, 0x0000000785b80000, 0x00000007c0000000)
  eden space 48640K, 0% used [0x0000000781d00000,0x0000000781d00000,0x0000000784c80000)
  from space 7680K, 99% used [0x0000000784c80000,0x00000007853ff648,0x0000000785400000)
  to   space 7680K, 0% used [0x0000000785400000,0x0000000785400000,0x0000000785b80000)
 ParOldGen       total 128512K, used 766K [0x0000000705600000, 0x000000070d380000, 0x0000000781d00000)
  object space 128512K, 0% used [0x0000000705600000,0x00000007056bfb08,0x000000070d380000)
 Metaspace       used 20520K, capacity 21096K, committed 21296K, reserved 1069056K
  class space    used 2538K, capacity 2687K, committed 2688K, reserved 1048576K
Event: 4.555 GC heap after
Heap after GC invocations=2 (full 1):
 PSYoungGen      total 56320K, used 0K [0x0000000781d00000, 0x0000000785b80000, 0x00000007c0000000)
  eden space 48640K, 0% used [0x0000000781d00000,0x0000000781d00000,0x0000000784c80000)
  from space 7680K, 0% used [0x0000000784c80000,0x0000000784c80000,0x0000000785400000)
  to   space 7680K, 0% used [0x0000000785400000,0x0000000785400000,0x0000000785b80000)
 ParOldGen       total 57856K, used 8256K [0x0000000705600000, 0x0000000708e80000, 0x0000000781d00000)
  object space 57856K, 14% used [0x0000000705600000,0x0000000705e10350,0x0000000708e80000)
 Metaspace       used 20520K, capacity 21096K, committed 21296K, reserved 1069056K
  class space    used 2538K, capacity 2687K, committed 2688K, reserved 1048576K
}

