# JRE version: OpenJDK Runtime Environment (8.0_131-b11) (build 1.8.0_131-8u131-b11-0ubuntu1.17.04.1-b11)
# Java VM: OpenJDK 64-Bit Server VM (25.131-b11 mixed mode linux-amd64 compressed oops)
Heap:
 PSYoungGen      total 193024K, used 148999K [0x0000000781d00000, 0x000000078e200000, 0x00000007c0000000)
  eden space 192000K, 77% used [0x0000000781d00000,0x000000078ae81fa8,0x000000078d880000)
  from space 1024K, 0% used [0x000000078dc00000,0x000000078dc00000,0x000000078dd00000)
  to   space 3584K, 0% used [0x000000078d880000,0x000000078d880000,0x000000078dc00000)
 ParOldGen       total 60416K, used 4967K [0x0000000705600000, 0x0000000709100000, 0x0000000781d00000)
  object space 60416K, 8% used [0x0000000705600000,0x0000000705ad9df0,0x0000000709100000)
 Metaspace       used 30608K, capacity 31442K, committed 31616K, reserved 1077248K
  class space    used 3765K, capacity 3952K, committed 3968K, reserved 1048576K
GC Heap History (10 events):
Event: 0.180 GC heap before
{Heap before GC invocations=3 (full 0):
 PSYoungGen      total 56320K, used 49093K [0x0000000781d00000, 0x0000000788b00000, 0x00000007c0000000)
  eden space 48640K, 99% used [0x0000000781d00000,0x0000000784c69e30,0x0000000784c80000)
  from space 7680K, 7% used [0x0000000785400000,0x00000007854877c0,0x0000000785b80000)
  to   space 7680K, 0% used [0x0000000784c80000,0x0000000784c80000,0x0000000785400000)
 ParOldGen       total 128512K, used 8K [0x0000000705600000, 0x000000070d380000, 0x0000000781d00000)
  object space 128512K, 0% used [0x0000000705600000,0x0000000705602000,0x000000070d380000)
 Metaspace       used 2655K, capacity 4486K, committed 4864K, reserved 1056768K
  class space    used 282K, capacity 386K, committed 512K, reserved 1048576K
Event: 0.181 GC heap after
Heap after GC invocations=3 (full 0):
 PSYoungGen      total 56320K, used 534K [0x0000000781d00000, 0x0000000788b00000, 0x00000007c0000000)
  eden space 48640K, 0% used [0x0000000781d00000,0x0000000781d00000,0x0000000784c80000)
  from space 7680K, 6% used [0x0000000784c80000,0x0000000784d05960,0x0000000785400000)
  to   space 7680K, 0% used [0x0000000788380000,0x0000000788380000,0x0000000788b00000)
 ParOldGen       total 128512K, used 8K [0x0000000705600000, 0x000000070d380000, 0x0000000781d00000)
  object space 128512K, 0% used [0x0000000705600000,0x0000000705602000,0x000000070d380000)
 Metaspace       used 2655K, capacity 4486K, committed 4864K, reserved 1056768K
  class space    used 282K, capacity 386K, committed 512K, reserved 1048576K
}
Event: 0.194 GC heap before
{Heap before GC invocations=4 (full 0):
 PSYoungGen      total 56320K, used 49110K [0x0000000781d00000, 0x0000000788b00000, 0x00000007c0000000)
  eden space 48640K, 99% used [0x0000000781d00000,0x0000000784c6ff30,0x0000000784c80000)
  from space 7680K, 6% used [0x0000000784c80000,0x0000000784d05960,0x0000000785400000)
  to   space 7680K, 0% used [0x0000000788380000,0x0000000788380000,0x0000000788b00000)
 ParOldGen       total 128512K, used 8K [0x0000000705600000, 0x000000070d380000, 0x0000000781d00000)
  object space 128512K, 0% used [0x0000000705600000,0x0000000705602000,0x000000070d380000)
 Metaspace       used 2655K, capacity 4486K, committed 4864K, reserved 1056768K
  class space    used 282K, capacity 386K, committed 512K, reserved 1048576K
Event: 0.197 GC heap after
Heap after GC invocations=4 (full 0):
 PSYoungGen      total 104960K, used 632K [0x0000000781d00000, 0x0000000788b00000, 0x00000007c0000000)
  eden space 97280K, 0% used [0x0000000781d00000,0x0000000781d00000,0x0000000787c00000)
  from space 7680K, 8% used [0x0000000788380000,0x000000078841e398,0x0000000788b00000)
  to   space 7680K, 0% used [0x0000000787c00000,0x0000000787c00000,0x0000000788380000)
 ParOldGen       total 128512K, used 16K [0x0000000705600000, 0x000000070d380000, 0x0000000781d00000)
  object space 128512K, 0% used [0x0000000705600000,0x0000000705604000,0x000000070d380000)
 Metaspace       used 2655K, capacity 4486K, committed 4864K, reserved 1056768K
  class space    used 282K, capacity 386K, committed 512K, reserved 1048576K
}
Event: 0.225 GC heap before
{Heap before GC invocations=5 (full 0):
 PSYoungGen      total 104960K, used 97912K [0x0000000781d00000, 0x0000000788b00000, 0x00000007c0000000)
  eden space 97280K, 100% used [0x0000000781d00000,0x0000000787c00000,0x0000000787c00000)
  from space 7680K, 8% used [0x0000000788380000,0x000000078841e398,0x0000000788b00000)
  to   space 7680K, 0% used [0x0000000787c00000,0x0000000787c00000,0x0000000788380000)
 ParOldGen       total 128512K, used 16K [0x0000000705600000, 0x000000070d380000, 0x0000000781d00000)
  object space 128512K, 0% used [0x0000000705600000,0x0000000705604000,0x000000070d380000)
 Metaspace       used 2655K, capacity 4486K, committed 4864K, reserved 1056768K
  class space    used 282K, capacity 386K, committed 512K, reserved 1048576K
Event: 0.227 GC heap after
Heap after GC invocations=5 (full 0):
 PSYoungGen      total 104960K, used 495K [0x0000000781d00000, 0x000000078dd00000, 0x00000007c0000000)
  eden space 97280K, 0% used [0x0000000781d00000,0x0000000781d00000,0x0000000787c00000)
  from space 7680K, 6% used [0x0000000787c00000,0x0000000787c7bde8,0x0000000788380000)
  to   space 1024K, 0% used [0x000000078dc00000,0x000000078dc00000,0x000000078dd00000)
 ParOldGen       total 128512K, used 24K [0x0000000705600000, 0x000000070d380000, 0x0000000781d00000)
  object space 128512K, 0% used [0x0000000705600000,0x0000000705606000,0x000000070d380000)
 Metaspace       used 2655K, capacity 4486K, committed 4864K, reserved 1056768K
  class space    used 282K, capacity 386K, committed 512K, reserved 1048576K
}
Event: 6.949 GC heap before
{Heap before GC invocations=6 (full 0):
 PSYoungGen      total 104960K, used 59160K [0x0000000781d00000, 0x000000078dd00000, 0x00000007c0000000)
  eden space 97280K, 60% used [0x0000000781d00000,0x000000078564a518,0x0000000787c00000)
  from space 7680K, 6% used [0x0000000787c00000,0x0000000787c7bde8,0x0000000788380000)
  to   space 1024K, 0% used [0x000000078dc00000,0x000000078dc00000,0x000000078dd00000)
 ParOldGen       total 128512K, used 24K [0x0000000705600000, 0x000000070d380000, 0x0000000781d00000)
  object space 128512K, 0% used [0x0000000705600000,0x0000000705606000,0x000000070d380000)
 Metaspace       used 20419K, capacity 20984K, committed 21296K, reserved 1069056K
  class space    used 2446K, capacity 2609K, committed 2688K, reserved 1048576K
Event: 6.958 GC heap after
Heap after GC invocations=6 (full 0):
 PSYoungGen      total 193024K, used 1010K [0x0000000781d00000, 0x000000078e200000, 0x00000007c0000000)
  eden space 192000K, 0% used [0x0000000781d00000,0x0000000781d00000,0x000000078d880000)
  from space 1024K, 98% used [0x000000078dc00000,0x000000078dcfc820,0x000000078dd00000)
  to   space 3584K, 0% used [0x000000078d880000,0x000000078d880000,0x000000078dc00000)
 ParOldGen       total 128512K, used 4094K [0x0000000705600000, 0x000000070d380000, 0x0000000781d00000)
  object space 128512K, 3% used [0x0000000705600000,0x00000007059ffb08,0x000000070d380000)
 Metaspace       used 20419K, capacity 20984K, committed 21296K, reserved 1069056K
  class space    used 2446K, capacity 2609K, committed 2688K, reserved 1048576K
}
Event: 6.958 GC heap before
{Heap before GC invocations=7 (full 1):
 PSYoungGen      total 193024K, used 1010K [0x0000000781d00000, 0x000000078e200000, 0x00000007c0000000)
  eden space 192000K, 0% used [0x0000000781d00000,0x0000000781d00000,0x000000078d880000)
  from space 1024K, 98% used [0x000000078dc00000,0x000000078dcfc820,0x000000078dd00000)
  to   space 3584K, 0% used [0x000000078d880000,0x000000078d880000,0x000000078dc00000)
 ParOldGen       total 128512K, used 4094K [0x0000000705600000, 0x000000070d380000, 0x0000000781d00000)
  object space 128512K, 3% used [0x0000000705600000,0x00000007059ffb08,0x000000070d380000)
 Metaspace       used 20419K, capacity 20984K, committed 21296K, reserved 1069056K
  class space    used 2446K, capacity 2609K, committed 2688K, reserved 1048576K
Event: 7.007 GC heap after
Heap after GC invocations=7 (full 1):
 PSYoungGen      total 193024K, used 0K [0x0000000781d00000, 0x000000078e200000, 0x00000007c0000000)
  eden space 192000K, 0% used [0x0000000781d00000,0x0000000781d00000,0x000000078d880000)
  from space 1024K, 0% used [0x000000078dc00000,0x000000078dc00000,0x000000078dd00000)
  to   space 3584K, 0% used [0x000000078d880000,0x000000078d880000,0x000000078dc00000)
 ParOldGen       total 60416K, used 4967K [0x0000000705600000, 0x0000000709100000, 0x0000000781d00000)
  object space 60416K, 8% used [0x0000000705600000,0x0000000705ad9df0,0x0000000709100000)
 Metaspace       used 20419K, capacity 20984K, committed 21296K, reserved 1069056K
  class space    used 2446K, capacity 2609K, committed 2688K, reserved 1048576K
}

