# JRE version: OpenJDK Runtime Environment (8.0_131-b11) (build 1.8.0_131-8u131-b11-0ubuntu1.17.04.1-b11)
# Java VM: OpenJDK 64-Bit Server VM (25.131-b11 mixed mode linux-amd64 compressed oops)
Heap:
 PSYoungGen      total 56320K, used 16051K [0x0000000781d00000, 0x0000000785b80000, 0x00000007c0000000)
  eden space 48640K, 33% used [0x0000000781d00000,0x0000000782cacd20,0x0000000784c80000)
  from space 7680K, 0% used [0x0000000784c80000,0x0000000784c80000,0x0000000785400000)
  to   space 7680K, 0% used [0x0000000785400000,0x0000000785400000,0x0000000785b80000)
 ParOldGen       total 86528K, used 8233K [0x0000000705600000, 0x000000070aa80000, 0x0000000781d00000)
  object space 86528K, 9% used [0x0000000705600000,0x0000000705e0a648,0x000000070aa80000)
 Metaspace       used 24018K, capacity 24780K, committed 25088K, reserved 1071104K
  class space    used 3120K, capacity 3319K, committed 3328K, reserved 1048576K
GC Heap History (4 events):
Event: 2.916 GC heap before
{Heap before GC invocations=1 (full 0):
 PSYoungGen      total 56320K, used 39422K [0x0000000781d00000, 0x0000000785b80000, 0x00000007c0000000)
  eden space 48640K, 81% used [0x0000000781d00000,0x000000078437fb58,0x0000000784c80000)
  from space 7680K, 0% used [0x0000000785400000,0x0000000785400000,0x0000000785b80000)
  to   space 7680K, 0% used [0x0000000784c80000,0x0000000784c80000,0x0000000785400000)
 ParOldGen       total 128512K, used 0K [0x0000000705600000, 0x000000070d380000, 0x0000000781d00000)
  object space 128512K, 0% used [0x0000000705600000,0x0000000705600000,0x000000070d380000)
 Metaspace       used 20376K, capacity 21032K, committed 21296K, reserved 1069056K
  class space    used 2517K, capacity 2687K, committed 2688K, reserved 1048576K
Event: 2.942 GC heap after
Heap after GC invocations=1 (full 0):
 PSYoungGen      total 56320K, used 7651K [0x0000000781d00000, 0x0000000785b80000, 0x00000007c0000000)
  eden space 48640K, 0% used [0x0000000781d00000,0x0000000781d00000,0x0000000784c80000)
  from space 7680K, 99% used [0x0000000784c80000,0x00000007853f8f18,0x0000000785400000)
  to   space 7680K, 0% used [0x0000000785400000,0x0000000785400000,0x0000000785b80000)
 ParOldGen       total 128512K, used 810K [0x0000000705600000, 0x000000070d380000, 0x0000000781d00000)
  object space 128512K, 0% used [0x0000000705600000,0x00000007056caae8,0x000000070d380000)
 Metaspace       used 20376K, capacity 21032K, committed 21296K, reserved 1069056K
  class space    used 2517K, capacity 2687K, committed 2688K, reserved 1048576K
}
Event: 2.942 GC heap before
{Heap before GC invocations=2 (full 1):
 PSYoungGen      total 56320K, used 7651K [0x0000000781d00000, 0x0000000785b80000, 0x00000007c0000000)
  eden space 48640K, 0% used [0x0000000781d00000,0x0000000781d00000,0x0000000784c80000)
  from space 7680K, 99% used [0x0000000784c80000,0x00000007853f8f18,0x0000000785400000)
  to   space 7680K, 0% used [0x0000000785400000,0x0000000785400000,0x0000000785b80000)
 ParOldGen       total 128512K, used 810K [0x0000000705600000, 0x000000070d380000, 0x0000000781d00000)
  object space 128512K, 0% used [0x0000000705600000,0x00000007056caae8,0x000000070d380000)
 Metaspace       used 20376K, capacity 21032K, committed 21296K, reserved 1069056K
  class space    used 2517K, capacity 2687K, committed 2688K, reserved 1048576K
Event: 2.979 GC heap after
Heap after GC invocations=2 (full 1):
 PSYoungGen      total 56320K, used 0K [0x0000000781d00000, 0x0000000785b80000, 0x00000007c0000000)
  eden space 48640K, 0% used [0x0000000781d00000,0x0000000781d00000,0x0000000784c80000)
  from space 7680K, 0% used [0x0000000784c80000,0x0000000784c80000,0x0000000785400000)
  to   space 7680K, 0% used [0x0000000785400000,0x0000000785400000,0x0000000785b80000)
 ParOldGen       total 86528K, used 8233K [0x0000000705600000, 0x000000070aa80000, 0x0000000781d00000)
  object space 86528K, 9% used [0x0000000705600000,0x0000000705e0a648,0x000000070aa80000)
 Metaspace       used 20376K, capacity 21032K, committed 21296K, reserved 1069056K
  class space    used 2517K, capacity 2687K, committed 2688K, reserved 1048576K
}

