# JRE version: OpenJDK Runtime Environment (8.0_121-b13) (build 1.8.0_121-8u121-b13-4-b13)
# Java VM: OpenJDK 64-Bit Server VM (25.121-b13 mixed mode linux-amd64 compressed oops)
Heap:
 PSYoungGen      total 122368K, used 104327K [0x0000000781d00000, 0x000000078ce80000, 0x00000007c0000000)
  eden space 121344K, 85% used [0x0000000781d00000,0x0000000788239d20,0x0000000789380000)
  from space 1024K, 65% used [0x000000078cd80000,0x000000078ce28000,0x000000078ce80000)
  to   space 7168K, 0% used [0x000000078c080000,0x000000078c080000,0x000000078c780000)
 ParOldGen       total 75776K, used 9850K [0x0000000705600000, 0x000000070a000000, 0x0000000781d00000)
  object space 75776K, 12% used [0x0000000705600000,0x0000000705f9e880,0x000000070a000000)
 Metaspace       used 28667K, capacity 29504K, committed 29824K, reserved 1075200K
  class space    used 3511K, capacity 3707K, committed 3712K, reserved 1048576K
GC Heap History (10 events):
Event: 62.027 GC heap before
{Heap before GC invocations=11 (full 1):
 PSYoungGen      total 90624K, used 81632K [0x0000000781d00000, 0x000000078af00000, 0x00000007c0000000)
  eden space 80896K, 100% used [0x0000000781d00000,0x0000000786c00000,0x0000000786c00000)
  from space 9728K, 7% used [0x0000000789c00000,0x0000000789cb8000,0x000000078a580000)
  to   space 9216K, 0% used [0x000000078a600000,0x000000078a600000,0x000000078af00000)
 ParOldGen       total 75776K, used 8258K [0x0000000705600000, 0x000000070a000000, 0x0000000781d00000)
  object space 75776K, 10% used [0x0000000705600000,0x0000000705e10860,0x000000070a000000)
 Metaspace       used 21640K, capacity 22270K, committed 22576K, reserved 1069056K
  class space    used 2535K, capacity 2688K, committed 2688K, reserved 1048576K
Event: 62.029 GC heap after
Heap after GC invocations=11 (full 1):
 PSYoungGen      total 79872K, used 608K [0x0000000781d00000, 0x000000078a700000, 0x00000007c0000000)
  eden space 78848K, 0% used [0x0000000781d00000,0x0000000781d00000,0x0000000786a00000)
  from space 1024K, 59% used [0x000000078a600000,0x000000078a698000,0x000000078a700000)
  to   space 8704K, 0% used [0x0000000789600000,0x0000000789600000,0x0000000789e80000)
 ParOldGen       total 75776K, used 8442K [0x0000000705600000, 0x000000070a000000, 0x0000000781d00000)
  object space 75776K, 11% used [0x0000000705600000,0x0000000705e3e860,0x000000070a000000)
 Metaspace       used 21640K, capacity 22270K, committed 22576K, reserved 1069056K
  class space    used 2535K, capacity 2688K, committed 2688K, reserved 1048576K
}
Event: 62.081 GC heap before
{Heap before GC invocations=12 (full 1):
 PSYoungGen      total 79872K, used 79456K [0x0000000781d00000, 0x000000078a700000, 0x00000007c0000000)
  eden space 78848K, 100% used [0x0000000781d00000,0x0000000786a00000,0x0000000786a00000)
  from space 1024K, 59% used [0x000000078a600000,0x000000078a698000,0x000000078a700000)
  to   space 8704K, 0% used [0x0000000789600000,0x0000000789600000,0x0000000789e80000)
 ParOldGen       total 75776K, used 8442K [0x0000000705600000, 0x000000070a000000, 0x0000000781d00000)
  object space 75776K, 11% used [0x0000000705600000,0x0000000705e3e860,0x000000070a000000)
 Metaspace       used 21640K, capacity 22270K, committed 22576K, reserved 1069056K
  class space    used 2535K, capacity 2688K, committed 2688K, reserved 1048576K
Event: 62.083 GC heap after
Heap after GC invocations=12 (full 1):
 PSYoungGen      total 122880K, used 544K [0x0000000781d00000, 0x000000078a680000, 0x00000007c0000000)
  eden space 114176K, 0% used [0x0000000781d00000,0x0000000781d00000,0x0000000788c80000)
  from space 8704K, 6% used [0x0000000789600000,0x0000000789688000,0x0000000789e80000)
  to   space 8192K, 0% used [0x0000000789e80000,0x0000000789e80000,0x000000078a680000)
 ParOldGen       total 75776K, used 8442K [0x0000000705600000, 0x000000070a000000, 0x0000000781d00000)
  object space 75776K, 11% used [0x0000000705600000,0x0000000705e3e860,0x000000070a000000)
 Metaspace       used 21640K, capacity 22270K, committed 22576K, reserved 1069056K
  class space    used 2535K, capacity 2688K, committed 2688K, reserved 1048576K
}
Event: 66.135 GC heap before
{Heap before GC invocations=13 (full 1):
 PSYoungGen      total 122880K, used 114720K [0x0000000781d00000, 0x000000078a680000, 0x00000007c0000000)
  eden space 114176K, 100% used [0x0000000781d00000,0x0000000788c80000,0x0000000788c80000)
  from space 8704K, 6% used [0x0000000789600000,0x0000000789688000,0x0000000789e80000)
  to   space 8192K, 0% used [0x0000000789e80000,0x0000000789e80000,0x000000078a680000)
 ParOldGen       total 75776K, used 8442K [0x0000000705600000, 0x000000070a000000, 0x0000000781d00000)
  object space 75776K, 11% used [0x0000000705600000,0x0000000705e3e860,0x000000070a000000)
 Metaspace       used 21717K, capacity 22334K, committed 22576K, reserved 1069056K
  class space    used 2538K, capacity 2688K, committed 2688K, reserved 1048576K
Event: 66.137 GC heap after
Heap after GC invocations=13 (full 1):
 PSYoungGen      total 133120K, used 608K [0x0000000781d00000, 0x000000078c900000, 0x00000007c0000000)
  eden space 124928K, 0% used [0x0000000781d00000,0x0000000781d00000,0x0000000789700000)
  from space 8192K, 7% used [0x0000000789e80000,0x0000000789f18000,0x000000078a680000)
  to   space 7680K, 0% used [0x0000000789700000,0x0000000789700000,0x0000000789e80000)
 ParOldGen       total 75776K, used 8754K [0x0000000705600000, 0x000000070a000000, 0x0000000781d00000)
  object space 75776K, 11% used [0x0000000705600000,0x0000000705e8c880,0x000000070a000000)
 Metaspace       used 21717K, capacity 22334K, committed 22576K, reserved 1069056K
  class space    used 2538K, capacity 2688K, committed 2688K, reserved 1048576K
}
Event: 66.743 GC heap before
{Heap before GC invocations=14 (full 1):
 PSYoungGen      total 133120K, used 125536K [0x0000000781d00000, 0x000000078c900000, 0x00000007c0000000)
  eden space 124928K, 100% used [0x0000000781d00000,0x0000000789700000,0x0000000789700000)
  from space 8192K, 7% used [0x0000000789e80000,0x0000000789f18000,0x000000078a680000)
  to   space 7680K, 0% used [0x0000000789700000,0x0000000789700000,0x0000000789e80000)
 ParOldGen       total 75776K, used 8754K [0x0000000705600000, 0x000000070a000000, 0x0000000781d00000)
  object space 75776K, 11% used [0x0000000705600000,0x0000000705e8c880,0x000000070a000000)
 Metaspace       used 21751K, capacity 22334K, committed 22576K, reserved 1069056K
  class space    used 2538K, capacity 2688K, committed 2688K, reserved 1048576K
Event: 66.745 GC heap after
Heap after GC invocations=14 (full 1):
 PSYoungGen      total 132608K, used 992K [0x0000000781d00000, 0x000000078d480000, 0x00000007c0000000)
  eden space 124928K, 0% used [0x0000000781d00000,0x0000000781d00000,0x0000000789700000)
  from space 7680K, 12% used [0x0000000789700000,0x00000007897f8000,0x0000000789e80000)
  to   space 7168K, 0% used [0x000000078cd80000,0x000000078cd80000,0x000000078d480000)
 ParOldGen       total 75776K, used 8938K [0x0000000705600000, 0x000000070a000000, 0x0000000781d00000)
  object space 75776K, 11% used [0x0000000705600000,0x0000000705eba880,0x000000070a000000)
 Metaspace       used 21751K, capacity 22334K, committed 22576K, reserved 1069056K
  class space    used 2538K, capacity 2688K, committed 2688K, reserved 1048576K
}
Event: 70.475 GC heap before
{Heap before GC invocations=15 (full 1):
 PSYoungGen      total 132608K, used 125920K [0x0000000781d00000, 0x000000078d480000, 0x00000007c0000000)
  eden space 124928K, 100% used [0x0000000781d00000,0x0000000789700000,0x0000000789700000)
  from space 7680K, 12% used [0x0000000789700000,0x00000007897f8000,0x0000000789e80000)
  to   space 7168K, 0% used [0x000000078cd80000,0x000000078cd80000,0x000000078d480000)
 ParOldGen       total 75776K, used 8938K [0x0000000705600000, 0x000000070a000000, 0x0000000781d00000)
  object space 75776K, 11% used [0x0000000705600000,0x0000000705eba880,0x000000070a000000)
 Metaspace       used 21768K, capacity 22334K, committed 22576K, reserved 1069056K
  class space    used 2538K, capacity 2688K, committed 2688K, reserved 1048576K
Event: 70.478 GC heap after
Heap after GC invocations=15 (full 1):
 PSYoungGen      total 122368K, used 672K [0x0000000781d00000, 0x000000078ce80000, 0x00000007c0000000)
  eden space 121344K, 0% used [0x0000000781d00000,0x0000000781d00000,0x0000000789380000)
  from space 1024K, 65% used [0x000000078cd80000,0x000000078ce28000,0x000000078ce80000)
  to   space 7168K, 0% used [0x000000078c080000,0x000000078c080000,0x000000078c780000)
 ParOldGen       total 75776K, used 9850K [0x0000000705600000, 0x000000070a000000, 0x0000000781d00000)
  object space 75776K, 12% used [0x0000000705600000,0x0000000705f9e880,0x000000070a000000)
 Metaspace       used 21768K, capacity 22334K, committed 22576K, reserved 1069056K
  class space    used 2538K, capacity 2688K, committed 2688K, reserved 1048576K
}

