# JRE version: OpenJDK Runtime Environment (8.0_121-b13) (build 1.8.0_121-8u121-b13-4-b13)
# Java VM: OpenJDK 64-Bit Server VM (25.121-b13 mixed mode linux-amd64 compressed oops)
Heap:
 PSYoungGen      total 104960K, used 28669K [0x0000000781d00000, 0x0000000788b00000, 0x00000007c0000000)
  eden space 97280K, 29% used [0x0000000781d00000,0x00000007838ff640,0x0000000787c00000)
  from space 7680K, 0% used [0x0000000787c00000,0x0000000787c00000,0x0000000788380000)
  to   space 7680K, 0% used [0x0000000788380000,0x0000000788380000,0x0000000788b00000)
 ParOldGen       total 80896K, used 8016K [0x0000000705600000, 0x000000070a500000, 0x0000000781d00000)
  object space 80896K, 9% used [0x0000000705600000,0x0000000705dd4320,0x000000070a500000)
 Metaspace       used 26017K, capacity 26802K, committed 27136K, reserved 1073152K
  class space    used 3342K, capacity 3532K, committed 3584K, reserved 1048576K
GC Heap History (8 events):
Event: 0.148 GC heap before
{Heap before GC invocations=1 (full 0):
 PSYoungGen      total 56320K, used 48629K [0x0000000781d00000, 0x0000000785b80000, 0x00000007c0000000)
  eden space 48640K, 99% used [0x0000000781d00000,0x0000000784c7d718,0x0000000784c80000)
  from space 7680K, 0% used [0x0000000785400000,0x0000000785400000,0x0000000785b80000)
  to   space 7680K, 0% used [0x0000000784c80000,0x0000000784c80000,0x0000000785400000)
 ParOldGen       total 128512K, used 0K [0x0000000705600000, 0x000000070d380000, 0x0000000781d00000)
  object space 128512K, 0% used [0x0000000705600000,0x0000000705600000,0x000000070d380000)
 Metaspace       used 2649K, capacity 4486K, committed 4864K, reserved 1056768K
  class space    used 282K, capacity 386K, committed 512K, reserved 1048576K
Event: 0.150 GC heap after
Heap after GC invocations=1 (full 0):
 PSYoungGen      total 56320K, used 506K [0x0000000781d00000, 0x0000000788b00000, 0x00000007c0000000)
  eden space 48640K, 0% used [0x0000000781d00000,0x0000000781d00000,0x0000000784c80000)
  from space 7680K, 6% used [0x0000000784c80000,0x0000000784cfe940,0x0000000785400000)
  to   space 7680K, 0% used [0x0000000788380000,0x0000000788380000,0x0000000788b00000)
 ParOldGen       total 128512K, used 8K [0x0000000705600000, 0x000000070d380000, 0x0000000781d00000)
  object space 128512K, 0% used [0x0000000705600000,0x0000000705602000,0x000000070d380000)
 Metaspace       used 2649K, capacity 4486K, committed 4864K, reserved 1056768K
  class space    used 282K, capacity 386K, committed 512K, reserved 1048576K
}
Event: 1.512 GC heap before
{Heap before GC invocations=2 (full 0):
 PSYoungGen      total 56320K, used 49146K [0x0000000781d00000, 0x0000000788b00000, 0x00000007c0000000)
  eden space 48640K, 100% used [0x0000000781d00000,0x0000000784c80000,0x0000000784c80000)
  from space 7680K, 6% used [0x0000000784c80000,0x0000000784cfe940,0x0000000785400000)
  to   space 7680K, 0% used [0x0000000788380000,0x0000000788380000,0x0000000788b00000)
 ParOldGen       total 128512K, used 8K [0x0000000705600000, 0x000000070d380000, 0x0000000781d00000)
  object space 128512K, 0% used [0x0000000705600000,0x0000000705602000,0x000000070d380000)
 Metaspace       used 15219K, capacity 15782K, committed 16128K, reserved 1062912K
  class space    used 1871K, capacity 2000K, committed 2048K, reserved 1048576K
Event: 1.523 GC heap after
Heap after GC invocations=2 (full 0):
 PSYoungGen      total 104960K, used 7282K [0x0000000781d00000, 0x0000000788b00000, 0x00000007c0000000)
  eden space 97280K, 0% used [0x0000000781d00000,0x0000000781d00000,0x0000000787c00000)
  from space 7680K, 94% used [0x0000000788380000,0x0000000788a9c958,0x0000000788b00000)
  to   space 7680K, 0% used [0x0000000787c00000,0x0000000787c00000,0x0000000788380000)
 ParOldGen       total 128512K, used 24K [0x0000000705600000, 0x000000070d380000, 0x0000000781d00000)
  object space 128512K, 0% used [0x0000000705600000,0x0000000705606000,0x000000070d380000)
 Metaspace       used 15219K, capacity 15782K, committed 16128K, reserved 1062912K
  class space    used 1871K, capacity 2000K, committed 2048K, reserved 1048576K
}
Event: 9.048 GC heap before
{Heap before GC invocations=3 (full 0):
 PSYoungGen      total 104960K, used 22022K [0x0000000781d00000, 0x0000000788b00000, 0x00000007c0000000)
  eden space 97280K, 15% used [0x0000000781d00000,0x0000000782b64fa8,0x0000000787c00000)
  from space 7680K, 94% used [0x0000000788380000,0x0000000788a9c958,0x0000000788b00000)
  to   space 7680K, 0% used [0x0000000787c00000,0x0000000787c00000,0x0000000788380000)
 ParOldGen       total 128512K, used 24K [0x0000000705600000, 0x000000070d380000, 0x0000000781d00000)
  object space 128512K, 0% used [0x0000000705600000,0x0000000705606000,0x000000070d380000)
 Metaspace       used 20456K, capacity 20990K, committed 21296K, reserved 1069056K
  class space    used 2469K, capacity 2606K, committed 2688K, reserved 1048576K
Event: 9.070 GC heap after
Heap after GC invocations=3 (full 0):
 PSYoungGen      total 104960K, used 7665K [0x0000000781d00000, 0x0000000788b00000, 0x00000007c0000000)
  eden space 97280K, 0% used [0x0000000781d00000,0x0000000781d00000,0x0000000787c00000)
  from space 7680K, 99% used [0x0000000787c00000,0x000000078837c4e8,0x0000000788380000)
  to   space 7680K, 0% used [0x0000000788380000,0x0000000788380000,0x0000000788b00000)
 ParOldGen       total 128512K, used 512K [0x0000000705600000, 0x000000070d380000, 0x0000000781d00000)
  object space 128512K, 0% used [0x0000000705600000,0x00000007056802a8,0x000000070d380000)
 Metaspace       used 20456K, capacity 20990K, committed 21296K, reserved 1069056K
  class space    used 2469K, capacity 2606K, committed 2688K, reserved 1048576K
}
Event: 9.070 GC heap before
{Heap before GC invocations=4 (full 1):
 PSYoungGen      total 104960K, used 7665K [0x0000000781d00000, 0x0000000788b00000, 0x00000007c0000000)
  eden space 97280K, 0% used [0x0000000781d00000,0x0000000781d00000,0x0000000787c00000)
  from space 7680K, 99% used [0x0000000787c00000,0x000000078837c4e8,0x0000000788380000)
  to   space 7680K, 0% used [0x0000000788380000,0x0000000788380000,0x0000000788b00000)
 ParOldGen       total 128512K, used 512K [0x0000000705600000, 0x000000070d380000, 0x0000000781d00000)
  object space 128512K, 0% used [0x0000000705600000,0x00000007056802a8,0x000000070d380000)
 Metaspace       used 20456K, capacity 20990K, committed 21296K, reserved 1069056K
  class space    used 2469K, capacity 2606K, committed 2688K, reserved 1048576K
Event: 9.140 GC heap after
Heap after GC invocations=4 (full 1):
 PSYoungGen      total 104960K, used 0K [0x0000000781d00000, 0x0000000788b00000, 0x00000007c0000000)
  eden space 97280K, 0% used [0x0000000781d00000,0x0000000781d00000,0x0000000787c00000)
  from space 7680K, 0% used [0x0000000787c00000,0x0000000787c00000,0x0000000788380000)
  to   space 7680K, 0% used [0x0000000788380000,0x0000000788380000,0x0000000788b00000)
 ParOldGen       total 80896K, used 8016K [0x0000000705600000, 0x000000070a500000, 0x0000000781d00000)
  object space 80896K, 9% used [0x0000000705600000,0x0000000705dd4320,0x000000070a500000)
 Metaspace       used 20456K, capacity 20990K, committed 21296K, reserved 1069056K
  class space    used 2469K, capacity 2606K, committed 2688K, reserved 1048576K
}

