# JRE version: OpenJDK Runtime Environment (8.0_121-b13) (build 1.8.0_121-8u121-b13-4-b13)
# Java VM: OpenJDK 64-Bit Server VM (25.121-b13 mixed mode linux-amd64 compressed oops)
Heap:
 PSYoungGen      total 104960K, used 28633K [0x0000000781d00000, 0x0000000788b00000, 0x00000007c0000000)
  eden space 97280K, 29% used [0x0000000781d00000,0x00000007838f65d8,0x0000000787c00000)
  from space 7680K, 0% used [0x0000000787c00000,0x0000000787c00000,0x0000000788380000)
  to   space 7680K, 0% used [0x0000000788380000,0x0000000788380000,0x0000000788b00000)
 ParOldGen       total 82944K, used 7915K [0x0000000705600000, 0x000000070a700000, 0x0000000781d00000)
  object space 82944K, 9% used [0x0000000705600000,0x0000000705dbaf90,0x000000070a700000)
 Metaspace       used 26096K, capacity 26866K, committed 27136K, reserved 1073152K
  class space    used 3344K, capacity 3532K, committed 3584K, reserved 1048576K
GC Heap History (8 events):
Event: 0.173 GC heap before
{Heap before GC invocations=1 (full 0):
 PSYoungGen      total 56320K, used 48629K [0x0000000781d00000, 0x0000000785b80000, 0x00000007c0000000)
  eden space 48640K, 99% used [0x0000000781d00000,0x0000000784c7d718,0x0000000784c80000)
  from space 7680K, 0% used [0x0000000785400000,0x0000000785400000,0x0000000785b80000)
  to   space 7680K, 0% used [0x0000000784c80000,0x0000000784c80000,0x0000000785400000)
 ParOldGen       total 128512K, used 0K [0x0000000705600000, 0x000000070d380000, 0x0000000781d00000)
  object space 128512K, 0% used [0x0000000705600000,0x0000000705600000,0x000000070d380000)
 Metaspace       used 2649K, capacity 4486K, committed 4864K, reserved 1056768K
  class space    used 282K, capacity 386K, committed 512K, reserved 1048576K
Event: 0.176 GC heap after
Heap after GC invocations=1 (full 0):
 PSYoungGen      total 56320K, used 474K [0x0000000781d00000, 0x0000000788b00000, 0x00000007c0000000)
  eden space 48640K, 0% used [0x0000000781d00000,0x0000000781d00000,0x0000000784c80000)
  from space 7680K, 6% used [0x0000000784c80000,0x0000000784cf6940,0x0000000785400000)
  to   space 7680K, 0% used [0x0000000788380000,0x0000000788380000,0x0000000788b00000)
 ParOldGen       total 128512K, used 0K [0x0000000705600000, 0x000000070d380000, 0x0000000781d00000)
  object space 128512K, 0% used [0x0000000705600000,0x0000000705600000,0x000000070d380000)
 Metaspace       used 2649K, capacity 4486K, committed 4864K, reserved 1056768K
  class space    used 282K, capacity 386K, committed 512K, reserved 1048576K
}
Event: 2.988 GC heap before
{Heap before GC invocations=2 (full 0):
 PSYoungGen      total 56320K, used 49114K [0x0000000781d00000, 0x0000000788b00000, 0x00000007c0000000)
  eden space 48640K, 100% used [0x0000000781d00000,0x0000000784c80000,0x0000000784c80000)
  from space 7680K, 6% used [0x0000000784c80000,0x0000000784cf6940,0x0000000785400000)
  to   space 7680K, 0% used [0x0000000788380000,0x0000000788380000,0x0000000788b00000)
 ParOldGen       total 128512K, used 0K [0x0000000705600000, 0x000000070d380000, 0x0000000781d00000)
  object space 128512K, 0% used [0x0000000705600000,0x0000000705600000,0x000000070d380000)
 Metaspace       used 15344K, capacity 15854K, committed 16128K, reserved 1062912K
  class space    used 1886K, capacity 2000K, committed 2048K, reserved 1048576K
Event: 3.006 GC heap after
Heap after GC invocations=2 (full 0):
 PSYoungGen      total 104960K, used 7281K [0x0000000781d00000, 0x0000000788b00000, 0x00000007c0000000)
  eden space 97280K, 0% used [0x0000000781d00000,0x0000000781d00000,0x0000000787c00000)
  from space 7680K, 94% used [0x0000000788380000,0x0000000788a9c7b8,0x0000000788b00000)
  to   space 7680K, 0% used [0x0000000787c00000,0x0000000787c00000,0x0000000788380000)
 ParOldGen       total 128512K, used 16K [0x0000000705600000, 0x000000070d380000, 0x0000000781d00000)
  object space 128512K, 0% used [0x0000000705600000,0x0000000705604000,0x000000070d380000)
 Metaspace       used 15344K, capacity 15854K, committed 16128K, reserved 1062912K
  class space    used 1886K, capacity 2000K, committed 2048K, reserved 1048576K
}
Event: 5.660 GC heap before
{Heap before GC invocations=3 (full 0):
 PSYoungGen      total 104960K, used 22920K [0x0000000781d00000, 0x0000000788b00000, 0x00000007c0000000)
  eden space 97280K, 16% used [0x0000000781d00000,0x0000000782c45868,0x0000000787c00000)
  from space 7680K, 94% used [0x0000000788380000,0x0000000788a9c7b8,0x0000000788b00000)
  to   space 7680K, 0% used [0x0000000787c00000,0x0000000787c00000,0x0000000788380000)
 ParOldGen       total 128512K, used 16K [0x0000000705600000, 0x000000070d380000, 0x0000000781d00000)
  object space 128512K, 0% used [0x0000000705600000,0x0000000705604000,0x000000070d380000)
 Metaspace       used 20433K, capacity 20994K, committed 21296K, reserved 1069056K
  class space    used 2460K, capacity 2606K, committed 2688K, reserved 1048576K
Event: 5.672 GC heap after
Heap after GC invocations=3 (full 0):
 PSYoungGen      total 104960K, used 7663K [0x0000000781d00000, 0x0000000788b00000, 0x00000007c0000000)
  eden space 97280K, 0% used [0x0000000781d00000,0x0000000781d00000,0x0000000787c00000)
  from space 7680K, 99% used [0x0000000787c00000,0x000000078837bf60,0x0000000788380000)
  to   space 7680K, 0% used [0x0000000788380000,0x0000000788380000,0x0000000788b00000)
 ParOldGen       total 128512K, used 404K [0x0000000705600000, 0x000000070d380000, 0x0000000781d00000)
  object space 128512K, 0% used [0x0000000705600000,0x0000000705665020,0x000000070d380000)
 Metaspace       used 20433K, capacity 20994K, committed 21296K, reserved 1069056K
  class space    used 2460K, capacity 2606K, committed 2688K, reserved 1048576K
}
Event: 5.672 GC heap before
{Heap before GC invocations=4 (full 1):
 PSYoungGen      total 104960K, used 7663K [0x0000000781d00000, 0x0000000788b00000, 0x00000007c0000000)
  eden space 97280K, 0% used [0x0000000781d00000,0x0000000781d00000,0x0000000787c00000)
  from space 7680K, 99% used [0x0000000787c00000,0x000000078837bf60,0x0000000788380000)
  to   space 7680K, 0% used [0x0000000788380000,0x0000000788380000,0x0000000788b00000)
 ParOldGen       total 128512K, used 404K [0x0000000705600000, 0x000000070d380000, 0x0000000781d00000)
  object space 128512K, 0% used [0x0000000705600000,0x0000000705665020,0x000000070d380000)
 Metaspace       used 20433K, capacity 20994K, committed 21296K, reserved 1069056K
  class space    used 2460K, capacity 2606K, committed 2688K, reserved 1048576K
Event: 5.723 GC heap after
Heap after GC invocations=4 (full 1):
 PSYoungGen      total 104960K, used 0K [0x0000000781d00000, 0x0000000788b00000, 0x00000007c0000000)
  eden space 97280K, 0% used [0x0000000781d00000,0x0000000781d00000,0x0000000787c00000)
  from space 7680K, 0% used [0x0000000787c00000,0x0000000787c00000,0x0000000788380000)
  to   space 7680K, 0% used [0x0000000788380000,0x0000000788380000,0x0000000788b00000)
 ParOldGen       total 82944K, used 7915K [0x0000000705600000, 0x000000070a700000, 0x0000000781d00000)
  object space 82944K, 9% used [0x0000000705600000,0x0000000705dbaf90,0x000000070a700000)
 Metaspace       used 20433K, capacity 20994K, committed 21296K, reserved 1069056K
  class space    used 2460K, capacity 2606K, committed 2688K, reserved 1048576K
}

