# JRE version: OpenJDK Runtime Environment (8.0_131-b11) (build 1.8.0_131-8u131-b11-0ubuntu1.17.04.1-b11)
# Java VM: OpenJDK 64-Bit Server VM (25.131-b11 mixed mode linux-amd64 compressed oops)
Heap:
 PSYoungGen      total 56320K, used 15877K [0x0000000781d00000, 0x0000000785b80000, 0x00000007c0000000)
  eden space 48640K, 32% used [0x0000000781d00000,0x0000000782c81658,0x0000000784c80000)
  from space 7680K, 0% used [0x0000000784c80000,0x0000000784c80000,0x0000000785400000)
  to   space 7680K, 0% used [0x0000000785400000,0x0000000785400000,0x0000000785b80000)
 ParOldGen       total 99328K, used 8297K [0x0000000705600000, 0x000000070b700000, 0x0000000781d00000)
  object space 99328K, 8% used [0x0000000705600000,0x0000000705e1a550,0x000000070b700000)
 Metaspace       used 24001K, capacity 24786K, committed 25088K, reserved 1071104K
  class space    used 3124K, capacity 3322K, committed 3328K, reserved 1048576K
GC Heap History (4 events):
Event: 2.909 GC heap before
{Heap before GC invocations=1 (full 0):
 PSYoungGen      total 56320K, used 40392K [0x0000000781d00000, 0x0000000785b80000, 0x00000007c0000000)
  eden space 48640K, 83% used [0x0000000781d00000,0x0000000784472040,0x0000000784c80000)
  from space 7680K, 0% used [0x0000000785400000,0x0000000785400000,0x0000000785b80000)
  to   space 7680K, 0% used [0x0000000784c80000,0x0000000784c80000,0x0000000785400000)
 ParOldGen       total 128512K, used 0K [0x0000000705600000, 0x000000070d380000, 0x0000000781d00000)
  object space 128512K, 0% used [0x0000000705600000,0x0000000705600000,0x000000070d380000)
 Metaspace       used 20412K, capacity 21004K, committed 21248K, reserved 1067008K
  class space    used 2539K, capacity 2721K, committed 2816K, reserved 1048576K
Event: 2.917 GC heap after
Heap after GC invocations=1 (full 0):
 PSYoungGen      total 56320K, used 7664K [0x0000000781d00000, 0x0000000785b80000, 0x00000007c0000000)
  eden space 48640K, 0% used [0x0000000781d00000,0x0000000781d00000,0x0000000784c80000)
  from space 7680K, 99% used [0x0000000784c80000,0x00000007853fc118,0x0000000785400000)
  to   space 7680K, 0% used [0x0000000785400000,0x0000000785400000,0x0000000785b80000)
 ParOldGen       total 128512K, used 921K [0x0000000705600000, 0x000000070d380000, 0x0000000781d00000)
  object space 128512K, 0% used [0x0000000705600000,0x00000007056e66b0,0x000000070d380000)
 Metaspace       used 20412K, capacity 21004K, committed 21248K, reserved 1067008K
  class space    used 2539K, capacity 2721K, committed 2816K, reserved 1048576K
}
Event: 2.918 GC heap before
{Heap before GC invocations=2 (full 1):
 PSYoungGen      total 56320K, used 7664K [0x0000000781d00000, 0x0000000785b80000, 0x00000007c0000000)
  eden space 48640K, 0% used [0x0000000781d00000,0x0000000781d00000,0x0000000784c80000)
  from space 7680K, 99% used [0x0000000784c80000,0x00000007853fc118,0x0000000785400000)
  to   space 7680K, 0% used [0x0000000785400000,0x0000000785400000,0x0000000785b80000)
 ParOldGen       total 128512K, used 921K [0x0000000705600000, 0x000000070d380000, 0x0000000781d00000)
  object space 128512K, 0% used [0x0000000705600000,0x00000007056e66b0,0x000000070d380000)
 Metaspace       used 20412K, capacity 21004K, committed 21248K, reserved 1067008K
  class space    used 2539K, capacity 2721K, committed 2816K, reserved 1048576K
Event: 2.962 GC heap after
Heap after GC invocations=2 (full 1):
 PSYoungGen      total 56320K, used 0K [0x0000000781d00000, 0x0000000785b80000, 0x00000007c0000000)
  eden space 48640K, 0% used [0x0000000781d00000,0x0000000781d00000,0x0000000784c80000)
  from space 7680K, 0% used [0x0000000784c80000,0x0000000784c80000,0x0000000785400000)
  to   space 7680K, 0% used [0x0000000785400000,0x0000000785400000,0x0000000785b80000)
 ParOldGen       total 99328K, used 8297K [0x0000000705600000, 0x000000070b700000, 0x0000000781d00000)
  object space 99328K, 8% used [0x0000000705600000,0x0000000705e1a550,0x000000070b700000)
 Metaspace       used 20412K, capacity 21004K, committed 21248K, reserved 1067008K
  class space    used 2539K, capacity 2721K, committed 2816K, reserved 1048576K
}

