# JRE version: OpenJDK Runtime Environment (8.0_121-b13) (build 1.8.0_121-8u121-b13-4-b13)
# Java VM: OpenJDK 64-Bit Server VM (25.121-b13 mixed mode linux-amd64 compressed oops)
Heap:
 PSYoungGen      total 56320K, used 26817K [0x0000000781d00000, 0x0000000785b80000, 0x00000007c0000000)
  eden space 48640K, 55% used [0x0000000781d00000,0x0000000783730500,0x0000000784c80000)
  from space 7680K, 0% used [0x0000000784c80000,0x0000000784c80000,0x0000000785400000)
  to   space 7680K, 0% used [0x0000000785400000,0x0000000785400000,0x0000000785b80000)
 ParOldGen       total 93184K, used 7951K [0x0000000705600000, 0x000000070b100000, 0x0000000781d00000)
  object space 93184K, 8% used [0x0000000705600000,0x0000000705dc3e90,0x000000070b100000)
 Metaspace       used 25981K, capacity 26738K, committed 26880K, reserved 1073152K
  class space    used 3342K, capacity 3532K, committed 3584K, reserved 1048576K
GC Heap History (8 events):
Event: 0.161 GC heap before
{Heap before GC invocations=1 (full 0):
 PSYoungGen      total 56320K, used 48629K [0x0000000781d00000, 0x0000000785b80000, 0x00000007c0000000)
  eden space 48640K, 99% used [0x0000000781d00000,0x0000000784c7d718,0x0000000784c80000)
  from space 7680K, 0% used [0x0000000785400000,0x0000000785400000,0x0000000785b80000)
  to   space 7680K, 0% used [0x0000000784c80000,0x0000000784c80000,0x0000000785400000)
 ParOldGen       total 128512K, used 0K [0x0000000705600000, 0x000000070d380000, 0x0000000781d00000)
  object space 128512K, 0% used [0x0000000705600000,0x0000000705600000,0x000000070d380000)
 Metaspace       used 2654K, capacity 4486K, committed 4864K, reserved 1056768K
  class space    used 282K, capacity 386K, committed 512K, reserved 1048576K
Event: 0.162 GC heap after
Heap after GC invocations=1 (full 0):
 PSYoungGen      total 56320K, used 490K [0x0000000781d00000, 0x0000000785b80000, 0x00000007c0000000)
  eden space 48640K, 0% used [0x0000000781d00000,0x0000000781d00000,0x0000000784c80000)
  from space 7680K, 6% used [0x0000000784c80000,0x0000000784cfa950,0x0000000785400000)
  to   space 7680K, 0% used [0x0000000785400000,0x0000000785400000,0x0000000785b80000)
 ParOldGen       total 128512K, used 8K [0x0000000705600000, 0x000000070d380000, 0x0000000781d00000)
  object space 128512K, 0% used [0x0000000705600000,0x0000000705602000,0x000000070d380000)
 Metaspace       used 2654K, capacity 4486K, committed 4864K, reserved 1056768K
  class space    used 282K, capacity 386K, committed 512K, reserved 1048576K
}
Event: 1.698 GC heap before
{Heap before GC invocations=2 (full 0):
 PSYoungGen      total 56320K, used 49130K [0x0000000781d00000, 0x0000000785b80000, 0x00000007c0000000)
  eden space 48640K, 100% used [0x0000000781d00000,0x0000000784c80000,0x0000000784c80000)
  from space 7680K, 6% used [0x0000000784c80000,0x0000000784cfa950,0x0000000785400000)
  to   space 7680K, 0% used [0x0000000785400000,0x0000000785400000,0x0000000785b80000)
 ParOldGen       total 128512K, used 8K [0x0000000705600000, 0x000000070d380000, 0x0000000781d00000)
  object space 128512K, 0% used [0x0000000705600000,0x0000000705602000,0x000000070d380000)
 Metaspace       used 15323K, capacity 15850K, committed 16128K, reserved 1062912K
  class space    used 1886K, capacity 2000K, committed 2048K, reserved 1048576K
Event: 1.708 GC heap after
Heap after GC invocations=2 (full 0):
 PSYoungGen      total 56320K, used 7327K [0x0000000781d00000, 0x0000000785b80000, 0x00000007c0000000)
  eden space 48640K, 0% used [0x0000000781d00000,0x0000000781d00000,0x0000000784c80000)
  from space 7680K, 95% used [0x0000000785400000,0x0000000785b27f98,0x0000000785b80000)
  to   space 7680K, 0% used [0x0000000784c80000,0x0000000784c80000,0x0000000785400000)
 ParOldGen       total 128512K, used 24K [0x0000000705600000, 0x000000070d380000, 0x0000000781d00000)
  object space 128512K, 0% used [0x0000000705600000,0x0000000705606000,0x000000070d380000)
 Metaspace       used 15323K, capacity 15850K, committed 16128K, reserved 1062912K
  class space    used 1886K, capacity 2000K, committed 2048K, reserved 1048576K
}
Event: 3.680 GC heap before
{Heap before GC invocations=3 (full 0):
 PSYoungGen      total 56320K, used 19792K [0x0000000781d00000, 0x0000000785b80000, 0x00000007c0000000)
  eden space 48640K, 25% used [0x0000000781d00000,0x000000078292c0e8,0x0000000784c80000)
  from space 7680K, 95% used [0x0000000785400000,0x0000000785b27f98,0x0000000785b80000)
  to   space 7680K, 0% used [0x0000000784c80000,0x0000000784c80000,0x0000000785400000)
 ParOldGen       total 128512K, used 24K [0x0000000705600000, 0x000000070d380000, 0x0000000781d00000)
  object space 128512K, 0% used [0x0000000705600000,0x0000000705606000,0x000000070d380000)
 Metaspace       used 20450K, capacity 20994K, committed 21296K, reserved 1069056K
  class space    used 2468K, capacity 2606K, committed 2688K, reserved 1048576K
Event: 3.692 GC heap after
Heap after GC invocations=3 (full 0):
 PSYoungGen      total 56320K, used 7667K [0x0000000781d00000, 0x0000000785b80000, 0x00000007c0000000)
  eden space 48640K, 0% used [0x0000000781d00000,0x0000000781d00000,0x0000000784c80000)
  from space 7680K, 99% used [0x0000000784c80000,0x00000007853fcd20,0x0000000785400000)
  to   space 7680K, 0% used [0x0000000785400000,0x0000000785400000,0x0000000785b80000)
 ParOldGen       total 128512K, used 468K [0x0000000705600000, 0x000000070d380000, 0x0000000781d00000)
  object space 128512K, 0% used [0x0000000705600000,0x0000000705675250,0x000000070d380000)
 Metaspace       used 20450K, capacity 20994K, committed 21296K, reserved 1069056K
  class space    used 2468K, capacity 2606K, committed 2688K, reserved 1048576K
}
Event: 3.692 GC heap before
{Heap before GC invocations=4 (full 1):
 PSYoungGen      total 56320K, used 7667K [0x0000000781d00000, 0x0000000785b80000, 0x00000007c0000000)
  eden space 48640K, 0% used [0x0000000781d00000,0x0000000781d00000,0x0000000784c80000)
  from space 7680K, 99% used [0x0000000784c80000,0x00000007853fcd20,0x0000000785400000)
  to   space 7680K, 0% used [0x0000000785400000,0x0000000785400000,0x0000000785b80000)
 ParOldGen       total 128512K, used 468K [0x0000000705600000, 0x000000070d380000, 0x0000000781d00000)
  object space 128512K, 0% used [0x0000000705600000,0x0000000705675250,0x000000070d380000)
 Metaspace       used 20450K, capacity 20994K, committed 21296K, reserved 1069056K
  class space    used 2468K, capacity 2606K, committed 2688K, reserved 1048576K
Event: 3.764 GC heap after
Heap after GC invocations=4 (full 1):
 PSYoungGen      total 56320K, used 0K [0x0000000781d00000, 0x0000000785b80000, 0x00000007c0000000)
  eden space 48640K, 0% used [0x0000000781d00000,0x0000000781d00000,0x0000000784c80000)
  from space 7680K, 0% used [0x0000000784c80000,0x0000000784c80000,0x0000000785400000)
  to   space 7680K, 0% used [0x0000000785400000,0x0000000785400000,0x0000000785b80000)
 ParOldGen       total 93184K, used 7951K [0x0000000705600000, 0x000000070b100000, 0x0000000781d00000)
  object space 93184K, 8% used [0x0000000705600000,0x0000000705dc3e90,0x000000070b100000)
 Metaspace       used 20450K, capacity 20994K, committed 21296K, reserved 1069056K
  class space    used 2468K, capacity 2606K, committed 2688K, reserved 1048576K
}

